# JRE version: Java(TM) SE Runtime Environment (8.0_221-b11) (build 1.8.0_221-b11)
# Java VM: Java HotSpot(TM) 64-Bit Server VM (25.221-b11 mixed mode windows-amd64 compressed oops)
Heap:
 PSYoungGen      total 223232K, used 20580K [0x000000076b400000, 0x000000077a680000, 0x00000007c0000000)
  eden space 205312K, 1% used [0x000000076b400000,0x000000076b6a5fe8,0x0000000777c80000)
  from space 17920K, 99% used [0x0000000779500000,0x000000077a6732a0,0x000000077a680000)
  to   space 20480K, 0% used [0x0000000777e80000,0x0000000777e80000,0x0000000779280000)
 ParOldGen       total 166400K, used 19374K [0x00000006c1c00000, 0x00000006cbe80000, 0x000000076b400000)
  object space 166400K, 11% used [0x00000006c1c00000,0x00000006c2eebb30,0x00000006cbe80000)
 Metaspace       used 44225K, capacity 46892K, committed 46976K, reserved 1089536K
  class space    used 5941K, capacity 6470K, committed 6528K, reserved 1048576K
GC Heap History (10 events):
Event: 3.060 GC heap before
{Heap before GC invocations=6 (full 1):
 PSYoungGen      total 102912K, used 30687K [0x000000076b400000, 0x0000000772500000, 0x00000007c0000000)
  eden space 93184K, 22% used [0x000000076b400000,0x000000076c8e1d80,0x0000000770f00000)
  from space 9728K, 95% used [0x0000000771b80000,0x0000000772495fd0,0x0000000772500000)
  to   space 10752K, 0% used [0x0000000771000000,0x0000000771000000,0x0000000771a80000)
 ParOldGen       total 109568K, used 10632K [0x00000006c1c00000, 0x00000006c8700000, 0x000000076b400000)
  object space 109568K, 9% used [0x00000006c1c00000,0x00000006c26623b8,0x00000006c8700000)
 Metaspace       used 33731K, capacity 35376K, committed 35496K, reserved 1079296K
  class space    used 4468K, capacity 4808K, committed 4864K, reserved 1048576K
Event: 3.067 GC heap after
Heap after GC invocations=6 (full 1):
 PSYoungGen      total 104960K, used 7396K [0x000000076b400000, 0x0000000775280000, 0x00000007c0000000)
  eden space 94208K, 0% used [0x000000076b400000,0x000000076b400000,0x0000000771000000)
  from space 10752K, 68% used [0x0000000771000000,0x0000000771739368,0x0000000771a80000)
  to   space 11776K, 0% used [0x0000000774700000,0x0000000774700000,0x0000000775280000)
 ParOldGen       total 109568K, used 10640K [0x00000006c1c00000, 0x00000006c8700000, 0x000000076b400000)
  object space 109568K, 9% used [0x00000006c1c00000,0x00000006c26643b8,0x00000006c8700000)
 Metaspace       used 33731K, capacity 35376K, committed 35496K, reserved 1079296K
  class space    used 4468K, capacity 4808K, committed 4864K, reserved 1048576K
}
Event: 3.067 GC heap before
{Heap before GC invocations=7 (full 2):
 PSYoungGen      total 104960K, used 7396K [0x000000076b400000, 0x0000000775280000, 0x00000007c0000000)
  eden space 94208K, 0% used [0x000000076b400000,0x000000076b400000,0x0000000771000000)
  from space 10752K, 68% used [0x0000000771000000,0x0000000771739368,0x0000000771a80000)
  to   space 11776K, 0% used [0x0000000774700000,0x0000000774700000,0x0000000775280000)
 ParOldGen       total 109568K, used 10640K [0x00000006c1c00000, 0x00000006c8700000, 0x000000076b400000)
  object space 109568K, 9% used [0x00000006c1c00000,0x00000006c26643b8,0x00000006c8700000)
 Metaspace       used 33731K, capacity 35376K, committed 35496K, reserved 1079296K
  class space    used 4468K, capacity 4808K, committed 4864K, reserved 1048576K
Event: 3.115 GC heap after
Heap after GC invocations=7 (full 2):
 PSYoungGen      total 104960K, used 0K [0x000000076b400000, 0x0000000775280000, 0x00000007c0000000)
  eden space 94208K, 0% used [0x000000076b400000,0x000000076b400000,0x0000000771000000)
  from space 10752K, 0% used [0x0000000771000000,0x0000000771000000,0x0000000771a80000)
  to   space 11776K, 0% used [0x0000000774700000,0x0000000774700000,0x0000000775280000)
 ParOldGen       total 166400K, used 12504K [0x00000006c1c00000, 0x00000006cbe80000, 0x000000076b400000)
  object space 166400K, 7% used [0x00000006c1c00000,0x00000006c28362f8,0x00000006cbe80000)
 Metaspace       used 33727K, capacity 35370K, committed 35496K, reserved 1079296K
  class space    used 4468K, capacity 4807K, committed 4864K, reserved 1048576K
}
Event: 3.484 GC heap before
{Heap before GC invocations=8 (full 2):
 PSYoungGen      total 104960K, used 94208K [0x000000076b400000, 0x0000000775280000, 0x00000007c0000000)
  eden space 94208K, 100% used [0x000000076b400000,0x0000000771000000,0x0000000771000000)
  from space 10752K, 0% used [0x0000000771000000,0x0000000771000000,0x0000000771a80000)
  to   space 11776K, 0% used [0x0000000774700000,0x0000000774700000,0x0000000775280000)
 ParOldGen       total 166400K, used 12504K [0x00000006c1c00000, 0x00000006cbe80000, 0x000000076b400000)
  object space 166400K, 7% used [0x00000006c1c00000,0x00000006c28362f8,0x00000006cbe80000)
 Metaspace       used 36195K, capacity 38022K, committed 38272K, reserved 1083392K
  class space    used 4757K, capacity 5125K, committed 5248K, reserved 1048576K
Event: 3.497 GC heap after
Heap after GC invocations=8 (full 2):
 PSYoungGen      total 145408K, used 11764K [0x000000076b400000, 0x0000000775d00000, 0x00000007c0000000)
  eden space 133632K, 0% used [0x000000076b400000,0x000000076b400000,0x0000000773680000)
  from space 11776K, 99% used [0x0000000774700000,0x000000077527d030,0x0000000775280000)
  to   space 16896K, 0% used [0x0000000773680000,0x0000000773680000,0x0000000774700000)
 ParOldGen       total 166400K, used 19358K [0x00000006c1c00000, 0x00000006cbe80000, 0x000000076b400000)
  object space 166400K, 11% used [0x00000006c1c00000,0x00000006c2ee7b30,0x00000006cbe80000)
 Metaspace       used 36195K, capacity 38022K, committed 38272K, reserved 1083392K
  class space    used 4757K, capacity 5125K, committed 5248K, reserved 1048576K
}
Event: 3.625 GC heap before
{Heap before GC invocations=9 (full 2):
 PSYoungGen      total 145408K, used 145396K [0x000000076b400000, 0x0000000775d00000, 0x00000007c0000000)
  eden space 133632K, 100% used [0x000000076b400000,0x0000000773680000,0x0000000773680000)
  from space 11776K, 99% used [0x0000000774700000,0x000000077527d030,0x0000000775280000)
  to   space 16896K, 0% used [0x0000000773680000,0x0000000773680000,0x0000000774700000)
 ParOldGen       total 166400K, used 19358K [0x00000006c1c00000, 0x00000006cbe80000, 0x000000076b400000)
  object space 166400K, 11% used [0x00000006c1c00000,0x00000006c2ee7b30,0x00000006cbe80000)
 Metaspace       used 36320K, capacity 38156K, committed 38528K, reserved 1083392K
  class space    used 4760K, capacity 5126K, committed 5248K, reserved 1048576K
Event: 3.635 GC heap after
Heap after GC invocations=9 (full 2):
 PSYoungGen      total 150528K, used 15120K [0x000000076b400000, 0x000000077a700000, 0x00000007c0000000)
  eden space 133632K, 0% used [0x000000076b400000,0x000000076b400000,0x0000000773680000)
  from space 16896K, 89% used [0x0000000773680000,0x00000007745442a0,0x0000000774700000)
  to   space 18432K, 0% used [0x0000000779500000,0x0000000779500000,0x000000077a700000)
 ParOldGen       total 166400K, used 19366K [0x00000006c1c00000, 0x00000006cbe80000, 0x000000076b400000)
  object space 166400K, 11% used [0x00000006c1c00000,0x00000006c2ee9b30,0x00000006cbe80000)
 Metaspace       used 36320K, capacity 38156K, committed 38528K, reserved 1083392K
  class space    used 4760K, capacity 5126K, committed 5248K, reserved 1048576K
}
Event: 5.787 GC heap before
{Heap before GC invocations=10 (full 2):
 PSYoungGen      total 150528K, used 148752K [0x000000076b400000, 0x000000077a700000, 0x00000007c0000000)
  eden space 133632K, 100% used [0x000000076b400000,0x0000000773680000,0x0000000773680000)
  from space 16896K, 89% used [0x0000000773680000,0x00000007745442a0,0x0000000774700000)
  to   space 18432K, 0% used [0x0000000779500000,0x0000000779500000,0x000000077a700000)
 ParOldGen       total 166400K, used 19366K [0x00000006c1c00000, 0x00000006cbe80000, 0x000000076b400000)
  object space 166400K, 11% used [0x00000006c1c00000,0x00000006c2ee9b30,0x00000006cbe80000)
 Metaspace       used 44051K, capacity 46750K, committed 46976K, reserved 1089536K
  class space    used 5928K, capacity 6467K, committed 6528K, reserved 1048576K
Event: 5.805 GC heap after
Heap after GC invocations=10 (full 2):
 PSYoungGen      total 223232K, used 17868K [0x000000076b400000, 0x000000077a680000, 0x00000007c0000000)
  eden space 205312K, 0% used [0x000000076b400000,0x000000076b400000,0x0000000777c80000)
  from space 17920K, 99% used [0x0000000779500000,0x000000077a6732a0,0x000000077a680000)
  to   space 20480K, 0% used [0x0000000777e80000,0x0000000777e80000,0x0000000779280000)
 ParOldGen       total 166400K, used 19374K [0x00000006c1c00000, 0x00000006cbe80000, 0x000000076b400000)
  object space 166400K, 11% used [0x00000006c1c00000,0x00000006c2eebb30,0x00000006cbe80000)
 Metaspace       used 44051K, capacity 46750K, committed 46976K, reserved 1089536K
  class space    used 5928K, capacity 6467K, committed 6528K, reserved 1048576K
}

