# JRE version: Java(TM) SE Runtime Environment (8.0_221-b11) (build 1.8.0_221-b11)
# Java VM: Java HotSpot(TM) 64-Bit Server VM (25.221-b11 mixed mode windows-amd64 compressed oops)
Heap:
 PSYoungGen      total 147456K, used 142103K [0x000000076b400000, 0x000000077a780000, 0x00000007c0000000)
  eden space 130560K, 95% used [0x000000076b400000,0x0000000772e4bb00,0x0000000773380000)
  from space 16896K, 99% used [0x0000000773380000,0x00000007743fa1d8,0x0000000774400000)
  to   space 18944K, 0% used [0x0000000779500000,0x0000000779500000,0x000000077a780000)
 ParOldGen       total 168960K, used 19688K [0x00000006c1c00000, 0x00000006cc100000, 0x000000076b400000)
  object space 168960K, 11% used [0x00000006c1c00000,0x00000006c2f3a390,0x00000006cc100000)
 Metaspace       used 44393K, capacity 47436K, committed 47616K, reserved 1089536K
  class space    used 5989K, capacity 6552K, committed 6656K, reserved 1048576K
GC Heap History (10 events):
Event: 2.831 GC heap before
{Heap before GC invocations=5 (full 1):
 PSYoungGen      total 76288K, used 73759K [0x000000076b400000, 0x0000000772400000, 0x00000007c0000000)
  eden space 65536K, 100% used [0x000000076b400000,0x000000076f400000,0x000000076f400000)
  from space 10752K, 76% used [0x000000076f400000,0x000000076fc07c50,0x000000076fe80000)
  to   space 10752K, 0% used [0x0000000771980000,0x0000000771980000,0x0000000772400000)
 ParOldGen       total 112128K, used 10569K [0x00000006c1c00000, 0x00000006c8980000, 0x000000076b400000)
  object space 112128K, 9% used [0x00000006c1c00000,0x00000006c26526b8,0x00000006c8980000)
 Metaspace       used 32504K, capacity 34112K, committed 34432K, reserved 1079296K
  class space    used 4287K, capacity 4616K, committed 4736K, reserved 1048576K
Event: 2.840 GC heap after
Heap after GC invocations=5 (full 1):
 PSYoungGen      total 101888K, used 9445K [0x000000076b400000, 0x0000000772300000, 0x00000007c0000000)
  eden space 92160K, 0% used [0x000000076b400000,0x000000076b400000,0x0000000770e00000)
  from space 9728K, 97% used [0x0000000771980000,0x00000007722b9728,0x0000000772300000)
  to   space 10752K, 0% used [0x0000000770e00000,0x0000000770e00000,0x0000000771880000)
 ParOldGen       total 112128K, used 10641K [0x00000006c1c00000, 0x00000006c8980000, 0x000000076b400000)
  object space 112128K, 9% used [0x00000006c1c00000,0x00000006c26646c8,0x00000006c8980000)
 Metaspace       used 32504K, capacity 34112K, committed 34432K, reserved 1079296K
  class space    used 4287K, capacity 4616K, committed 4736K, reserved 1048576K
}
Event: 3.038 GC heap before
{Heap before GC invocations=6 (full 1):
 PSYoungGen      total 101888K, used 30900K [0x000000076b400000, 0x0000000772300000, 0x00000007c0000000)
  eden space 92160K, 23% used [0x000000076b400000,0x000000076c8f3ab0,0x0000000770e00000)
  from space 9728K, 97% used [0x0000000771980000,0x00000007722b9728,0x0000000772300000)
  to   space 10752K, 0% used [0x0000000770e00000,0x0000000770e00000,0x0000000771880000)
 ParOldGen       total 112128K, used 10641K [0x00000006c1c00000, 0x00000006c8980000, 0x000000076b400000)
  object space 112128K, 9% used [0x00000006c1c00000,0x00000006c26646c8,0x00000006c8980000)
 Metaspace       used 33750K, capacity 35392K, committed 35496K, reserved 1079296K
  class space    used 4474K, capacity 4808K, committed 4864K, reserved 1048576K
Event: 3.045 GC heap after
Heap after GC invocations=6 (full 1):
 PSYoungGen      total 102912K, used 7296K [0x000000076b400000, 0x0000000774f80000, 0x00000007c0000000)
  eden space 92160K, 0% used [0x000000076b400000,0x000000076b400000,0x0000000770e00000)
  from space 10752K, 67% used [0x0000000770e00000,0x0000000771520218,0x0000000771880000)
  to   space 11776K, 0% used [0x0000000774400000,0x0000000774400000,0x0000000774f80000)
 ParOldGen       total 112128K, used 10649K [0x00000006c1c00000, 0x00000006c8980000, 0x000000076b400000)
  object space 112128K, 9% used [0x00000006c1c00000,0x00000006c26666c8,0x00000006c8980000)
 Metaspace       used 33750K, capacity 35392K, committed 35496K, reserved 1079296K
  class space    used 4474K, capacity 4808K, committed 4864K, reserved 1048576K
}
Event: 3.045 GC heap before
{Heap before GC invocations=7 (full 2):
 PSYoungGen      total 102912K, used 7296K [0x000000076b400000, 0x0000000774f80000, 0x00000007c0000000)
  eden space 92160K, 0% used [0x000000076b400000,0x000000076b400000,0x0000000770e00000)
  from space 10752K, 67% used [0x0000000770e00000,0x0000000771520218,0x0000000771880000)
  to   space 11776K, 0% used [0x0000000774400000,0x0000000774400000,0x0000000774f80000)
 ParOldGen       total 112128K, used 10649K [0x00000006c1c00000, 0x00000006c8980000, 0x000000076b400000)
  object space 112128K, 9% used [0x00000006c1c00000,0x00000006c26666c8,0x00000006c8980000)
 Metaspace       used 33750K, capacity 35392K, committed 35496K, reserved 1079296K
  class space    used 4474K, capacity 4808K, committed 4864K, reserved 1048576K
Event: 3.081 GC heap after
Heap after GC invocations=7 (full 2):
 PSYoungGen      total 102912K, used 0K [0x000000076b400000, 0x0000000774f80000, 0x00000007c0000000)
  eden space 92160K, 0% used [0x000000076b400000,0x000000076b400000,0x0000000770e00000)
  from space 10752K, 0% used [0x0000000770e00000,0x0000000770e00000,0x0000000771880000)
  to   space 11776K, 0% used [0x0000000774400000,0x0000000774400000,0x0000000774f80000)
 ParOldGen       total 168960K, used 12711K [0x00000006c1c00000, 0x00000006cc100000, 0x000000076b400000)
  object space 168960K, 7% used [0x00000006c1c00000,0x00000006c2869e90,0x00000006cc100000)
 Metaspace       used 33746K, capacity 35386K, committed 35496K, reserved 1079296K
  class space    used 4474K, capacity 4807K, committed 4864K, reserved 1048576K
}
Event: 3.443 GC heap before
{Heap before GC invocations=8 (full 2):
 PSYoungGen      total 102912K, used 92160K [0x000000076b400000, 0x0000000774f80000, 0x00000007c0000000)
  eden space 92160K, 100% used [0x000000076b400000,0x0000000770e00000,0x0000000770e00000)
  from space 10752K, 0% used [0x0000000770e00000,0x0000000770e00000,0x0000000771880000)
  to   space 11776K, 0% used [0x0000000774400000,0x0000000774400000,0x0000000774f80000)
 ParOldGen       total 168960K, used 12711K [0x00000006c1c00000, 0x00000006cc100000, 0x000000076b400000)
  object space 168960K, 7% used [0x00000006c1c00000,0x00000006c2869e90,0x00000006cc100000)
 Metaspace       used 36164K, capacity 38038K, committed 38272K, reserved 1083392K
  class space    used 4756K, capacity 5125K, committed 5248K, reserved 1048576K
Event: 3.456 GC heap after
Heap after GC invocations=8 (full 2):
 PSYoungGen      total 142336K, used 11754K [0x000000076b400000, 0x0000000775d00000, 0x00000007c0000000)
  eden space 130560K, 0% used [0x000000076b400000,0x000000076b400000,0x0000000773380000)
  from space 11776K, 99% used [0x0000000774400000,0x0000000774f7abb0,0x0000000774f80000)
  to   space 16896K, 0% used [0x0000000773380000,0x0000000773380000,0x0000000774400000)
 ParOldGen       total 168960K, used 19584K [0x00000006c1c00000, 0x00000006cc100000, 0x000000076b400000)
  object space 168960K, 11% used [0x00000006c1c00000,0x00000006c2f201d0,0x00000006cc100000)
 Metaspace       used 36164K, capacity 38038K, committed 38272K, reserved 1083392K
  class space    used 4756K, capacity 5125K, committed 5248K, reserved 1048576K
}
Event: 3.605 GC heap before
{Heap before GC invocations=9 (full 2):
 PSYoungGen      total 142336K, used 142314K [0x000000076b400000, 0x0000000775d00000, 0x00000007c0000000)
  eden space 130560K, 100% used [0x000000076b400000,0x0000000773380000,0x0000000773380000)
  from space 11776K, 99% used [0x0000000774400000,0x0000000774f7abb0,0x0000000774f80000)
  to   space 16896K, 0% used [0x0000000773380000,0x0000000773380000,0x0000000774400000)
 ParOldGen       total 168960K, used 19584K [0x00000006c1c00000, 0x00000006cc100000, 0x000000076b400000)
  object space 168960K, 11% used [0x00000006c1c00000,0x00000006c2f201d0,0x00000006cc100000)
 Metaspace       used 36313K, capacity 38172K, committed 38528K, reserved 1083392K
  class space    used 4760K, capacity 5126K, committed 5248K, reserved 1048576K
Event: 3.616 GC heap after
Heap after GC invocations=9 (full 2):
 PSYoungGen      total 147456K, used 16872K [0x000000076b400000, 0x000000077a780000, 0x00000007c0000000)
  eden space 130560K, 0% used [0x000000076b400000,0x000000076b400000,0x0000000773380000)
  from space 16896K, 99% used [0x0000000773380000,0x00000007743fa1d8,0x0000000774400000)
  to   space 18944K, 0% used [0x0000000779500000,0x0000000779500000,0x000000077a780000)
 ParOldGen       total 168960K, used 19688K [0x00000006c1c00000, 0x00000006cc100000, 0x000000076b400000)
  object space 168960K, 11% used [0x00000006c1c00000,0x00000006c2f3a390,0x00000006cc100000)
 Metaspace       used 36313K, capacity 38172K, committed 38528K, reserved 1083392K
  class space    used 4760K, capacity 5126K, committed 5248K, reserved 1048576K
}

