# JRE version: Java(TM) SE Runtime Environment (8.0_221-b11) (build 1.8.0_221-b11)
# Java VM: Java HotSpot(TM) 64-Bit Server VM (25.221-b11 mixed mode windows-amd64 compressed oops)
Heap:
 PSYoungGen      total 229888K, used 70567K [0x000000076b400000, 0x000000077af80000, 0x00000007c0000000)
  eden space 211968K, 24% used [0x000000076b400000,0x000000076e76fd20,0x0000000778300000)
  from space 17920K, 99% used [0x0000000779e00000,0x000000077af7a0d0,0x000000077af80000)
  to   space 20480K, 0% used [0x0000000778780000,0x0000000778780000,0x0000000779b80000)
 ParOldGen       total 162816K, used 19540K [0x00000006c1c00000, 0x00000006cbb00000, 0x000000076b400000)
  object space 162816K, 12% used [0x00000006c1c00000,0x00000006c2f153e8,0x00000006cbb00000)
 Metaspace       used 49133K, capacity 52150K, committed 52480K, reserved 1095680K
  class space    used 6497K, capacity 7071K, committed 7168K, reserved 1048576K
GC Heap History (10 events):
Event: 3.541 GC heap before
{Heap before GC invocations=6 (full 1):
 PSYoungGen      total 103424K, used 29969K [0x000000076b400000, 0x0000000772500000, 0x00000007c0000000)
  eden space 93696K, 21% used [0x000000076b400000,0x000000076c7e2f48,0x0000000770f80000)
  from space 9728K, 98% used [0x0000000771b80000,0x00000007724e1678,0x0000000772500000)
  to   space 10752K, 0% used [0x0000000771000000,0x0000000771000000,0x0000000771a80000)
 ParOldGen       total 109056K, used 10615K [0x00000006c1c00000, 0x00000006c8680000, 0x000000076b400000)
  object space 109056K, 9% used [0x00000006c1c00000,0x00000006c265dc48,0x00000006c8680000)
 Metaspace       used 33722K, capacity 35388K, committed 35496K, reserved 1079296K
  class space    used 4468K, capacity 4808K, committed 4864K, reserved 1048576K
Event: 3.548 GC heap after
Heap after GC invocations=6 (full 1):
 PSYoungGen      total 104960K, used 7206K [0x000000076b400000, 0x0000000775500000, 0x00000007c0000000)
  eden space 94208K, 0% used [0x000000076b400000,0x000000076b400000,0x0000000771000000)
  from space 10752K, 67% used [0x0000000771000000,0x00000007717098f8,0x0000000771a80000)
  to   space 11776K, 0% used [0x0000000774980000,0x0000000774980000,0x0000000775500000)
 ParOldGen       total 109056K, used 10623K [0x00000006c1c00000, 0x00000006c8680000, 0x000000076b400000)
  object space 109056K, 9% used [0x00000006c1c00000,0x00000006c265fc48,0x00000006c8680000)
 Metaspace       used 33722K, capacity 35388K, committed 35496K, reserved 1079296K
  class space    used 4468K, capacity 4808K, committed 4864K, reserved 1048576K
}
Event: 3.548 GC heap before
{Heap before GC invocations=7 (full 2):
 PSYoungGen      total 104960K, used 7206K [0x000000076b400000, 0x0000000775500000, 0x00000007c0000000)
  eden space 94208K, 0% used [0x000000076b400000,0x000000076b400000,0x0000000771000000)
  from space 10752K, 67% used [0x0000000771000000,0x00000007717098f8,0x0000000771a80000)
  to   space 11776K, 0% used [0x0000000774980000,0x0000000774980000,0x0000000775500000)
 ParOldGen       total 109056K, used 10623K [0x00000006c1c00000, 0x00000006c8680000, 0x000000076b400000)
  object space 109056K, 9% used [0x00000006c1c00000,0x00000006c265fc48,0x00000006c8680000)
 Metaspace       used 33722K, capacity 35388K, committed 35496K, reserved 1079296K
  class space    used 4468K, capacity 4808K, committed 4864K, reserved 1048576K
Event: 3.590 GC heap after
Heap after GC invocations=7 (full 2):
 PSYoungGen      total 104960K, used 0K [0x000000076b400000, 0x0000000775500000, 0x00000007c0000000)
  eden space 94208K, 0% used [0x000000076b400000,0x000000076b400000,0x0000000771000000)
  from space 10752K, 0% used [0x0000000771000000,0x0000000771000000,0x0000000771a80000)
  to   space 11776K, 0% used [0x0000000774980000,0x0000000774980000,0x0000000775500000)
 ParOldGen       total 162816K, used 12678K [0x00000006c1c00000, 0x00000006cbb00000, 0x000000076b400000)
  object space 162816K, 7% used [0x00000006c1c00000,0x00000006c2861ba0,0x00000006cbb00000)
 Metaspace       used 33718K, capacity 35382K, committed 35496K, reserved 1079296K
  class space    used 4468K, capacity 4807K, committed 4864K, reserved 1048576K
}
Event: 3.982 GC heap before
{Heap before GC invocations=8 (full 2):
 PSYoungGen      total 104960K, used 94208K [0x000000076b400000, 0x0000000775500000, 0x00000007c0000000)
  eden space 94208K, 100% used [0x000000076b400000,0x0000000771000000,0x0000000771000000)
  from space 10752K, 0% used [0x0000000771000000,0x0000000771000000,0x0000000771a80000)
  to   space 11776K, 0% used [0x0000000774980000,0x0000000774980000,0x0000000775500000)
 ParOldGen       total 162816K, used 12678K [0x00000006c1c00000, 0x00000006cbb00000, 0x000000076b400000)
  object space 162816K, 7% used [0x00000006c1c00000,0x00000006c2861ba0,0x00000006cbb00000)
 Metaspace       used 36164K, capacity 38034K, committed 38272K, reserved 1083392K
  class space    used 4751K, capacity 5125K, committed 5248K, reserved 1048576K
Event: 3.996 GC heap after
Heap after GC invocations=8 (full 2):
 PSYoungGen      total 147968K, used 11764K [0x000000076b400000, 0x0000000776180000, 0x00000007c0000000)
  eden space 136192K, 0% used [0x000000076b400000,0x000000076b400000,0x0000000773900000)
  from space 11776K, 99% used [0x0000000774980000,0x00000007754fd040,0x0000000775500000)
  to   space 16896K, 0% used [0x0000000773900000,0x0000000773900000,0x0000000774980000)
 ParOldGen       total 162816K, used 19524K [0x00000006c1c00000, 0x00000006cbb00000, 0x000000076b400000)
  object space 162816K, 11% used [0x00000006c1c00000,0x00000006c2f113e8,0x00000006cbb00000)
 Metaspace       used 36164K, capacity 38034K, committed 38272K, reserved 1083392K
  class space    used 4751K, capacity 5125K, committed 5248K, reserved 1048576K
}
Event: 4.145 GC heap before
{Heap before GC invocations=9 (full 2):
 PSYoungGen      total 147968K, used 147956K [0x000000076b400000, 0x0000000776180000, 0x00000007c0000000)
  eden space 136192K, 100% used [0x000000076b400000,0x0000000773900000,0x0000000773900000)
  from space 11776K, 99% used [0x0000000774980000,0x00000007754fd040,0x0000000775500000)
  to   space 16896K, 0% used [0x0000000773900000,0x0000000773900000,0x0000000774980000)
 ParOldGen       total 162816K, used 19524K [0x00000006c1c00000, 0x00000006cbb00000, 0x000000076b400000)
  object space 162816K, 11% used [0x00000006c1c00000,0x00000006c2f113e8,0x00000006cbb00000)
 Metaspace       used 36314K, capacity 38168K, committed 38528K, reserved 1083392K
  class space    used 4756K, capacity 5126K, committed 5248K, reserved 1048576K
Event: 4.155 GC heap after
Heap after GC invocations=9 (full 2):
 PSYoungGen      total 153088K, used 15682K [0x000000076b400000, 0x000000077b000000, 0x00000007c0000000)
  eden space 136192K, 0% used [0x000000076b400000,0x000000076b400000,0x0000000773900000)
  from space 16896K, 92% used [0x0000000773900000,0x0000000774850a90,0x0000000774980000)
  to   space 18432K, 0% used [0x0000000779e00000,0x0000000779e00000,0x000000077b000000)
 ParOldGen       total 162816K, used 19532K [0x00000006c1c00000, 0x00000006cbb00000, 0x000000076b400000)
  object space 162816K, 11% used [0x00000006c1c00000,0x00000006c2f133e8,0x00000006cbb00000)
 Metaspace       used 36314K, capacity 38168K, committed 38528K, reserved 1083392K
  class space    used 4756K, capacity 5126K, committed 5248K, reserved 1048576K
}
Event: 35.941 GC heap before
{Heap before GC invocations=10 (full 2):
 PSYoungGen      total 153088K, used 151874K [0x000000076b400000, 0x000000077b000000, 0x00000007c0000000)
  eden space 136192K, 100% used [0x000000076b400000,0x0000000773900000,0x0000000773900000)
  from space 16896K, 92% used [0x0000000773900000,0x0000000774850a90,0x0000000774980000)
  to   space 18432K, 0% used [0x0000000779e00000,0x0000000779e00000,0x000000077b000000)
 ParOldGen       total 162816K, used 19532K [0x00000006c1c00000, 0x00000006cbb00000, 0x000000076b400000)
  object space 162816K, 11% used [0x00000006c1c00000,0x00000006c2f133e8,0x00000006cbb00000)
 Metaspace       used 44371K, capacity 46674K, committed 46848K, reserved 1089536K
  class space    used 5875K, capacity 6301K, committed 6400K, reserved 1048576K
Event: 35.956 GC heap after
Heap after GC invocations=10 (full 2):
 PSYoungGen      total 229888K, used 17896K [0x000000076b400000, 0x000000077af80000, 0x00000007c0000000)
  eden space 211968K, 0% used [0x000000076b400000,0x000000076b400000,0x0000000778300000)
  from space 17920K, 99% used [0x0000000779e00000,0x000000077af7a0d0,0x000000077af80000)
  to   space 20480K, 0% used [0x0000000778780000,0x0000000778780000,0x0000000779b80000)
 ParOldGen       total 162816K, used 19540K [0x00000006c1c00000, 0x00000006cbb00000, 0x000000076b400000)
  object space 162816K, 12% used [0x00000006c1c00000,0x00000006c2f153e8,0x00000006cbb00000)
 Metaspace       used 44371K, capacity 46674K, committed 46848K, reserved 1089536K
  class space    used 5875K, capacity 6301K, committed 6400K, reserved 1048576K
}

